# JRE version: OpenJDK Runtime Environment Temurin-21.0.10+7 (21.0.10+7) (build 21.0.10+7-LTS)
# Java VM: OpenJDK 64-Bit Server VM Temurin-21.0.10+7 (21.0.10+7-LTS, mixed mode, sharing, tiered, compressed oops, compressed class ptrs, parallel gc, windows-amd64)
GC Precious Log:
 CardTable entry size: 512
 CPUs: 8 total, 8 available
 Memory: 7883M
 Large Page Support: Disabled
 NUMA Support: Disabled
 Compressed Oops: Enabled (32-bit)
 Alignments: Space 512K, Generation 512K, Heap 2M
 Heap Min Capacity: 100M
 Heap Initial Capacity: 100M
 Heap Max Capacity: 2G
 Pre-touch: Disabled
 Parallel Workers: 8
Heap:
 PSYoungGen      total 21504K, used 3555K [0x00000000d5580000, 0x00000000d7300000, 0x0000000100000000)
  eden space 19968K, 13% used [0x00000000d5580000,0x00000000d5828e30,0x00000000d6900000)
  from space 1536K, 54% used [0x00000000d7000000,0x00000000d70d0000,0x00000000d7180000)
  to   space 1024K, 0% used [0x00000000d7200000,0x00000000d7200000,0x00000000d7300000)
 ParOldGen       total 1319936K, used 151957K [0x0000000080000000, 0x00000000d0900000, 0x00000000d5580000)
  object space 1319936K, 11% used [0x0000000080000000,0x0000000089465618,0x00000000d0900000)
 Metaspace       used 114771K, committed 117696K, reserved 1179648K
  class space    used 14809K, committed 16192K, reserved 1048576K
GC Heap History (20 events):
Event: 56623.871 GC heap before
{Heap before GC invocations=6429 (full 4):
 PSYoungGen      total 20480K, used 20475K [0x00000000d5580000, 0x00000000d7580000, 0x0000000100000000)
  eden space 19968K, 99% used [0x00000000d5580000,0x00000000d68ff4a8,0x00000000d6900000)
  from space 512K, 99% used [0x00000000d7500000,0x00000000d757fa30,0x00000000d7580000)
  to   space 3584K, 0% used [0x00000000d6e80000,0x00000000d6e80000,0x00000000d7200000)
 ParOldGen       total 1315840K, used 1315419K [0x0000000080000000, 0x00000000d0500000, 0x00000000d5580000)
  object space 1315840K, 99% used [0x0000000080000000,0x00000000d0496d60,0x00000000d0500000)
 Metaspace       used 114029K, committed 116288K, reserved 1179648K
  class space    used 14975K, committed 16064K, reserved 1048576K
}
Event: 56623.876 GC heap after
{Heap after GC invocations=6429 (full 4):
 PSYoungGen      total 23552K, used 355K [0x00000000d5580000, 0x00000000d7580000, 0x0000000100000000)
  eden space 19968K, 0% used [0x00000000d5580000,0x00000000d5580000,0x00000000d6900000)
  from space 3584K, 9% used [0x00000000d6e80000,0x00000000d6ed8f38,0x00000000d7200000)
  to   space 1536K, 0% used [0x00000000d7400000,0x00000000d7400000,0x00000000d7580000)
 ParOldGen       total 1316352K, used 1315905K [0x0000000080000000, 0x00000000d0580000, 0x00000000d5580000)
  object space 1316352K, 99% used [0x0000000080000000,0x00000000d0510790,0x00000000d0580000)
 Metaspace       used 114029K, committed 116288K, reserved 1179648K
  class space    used 14975K, committed 16064K, reserved 1048576K
}
Event: 56626.402 GC heap before
{Heap before GC invocations=6430 (full 4):
 PSYoungGen      total 23552K, used 20323K [0x00000000d5580000, 0x00000000d7580000, 0x0000000100000000)
  eden space 19968K, 100% used [0x00000000d5580000,0x00000000d6900000,0x00000000d6900000)
  from space 3584K, 9% used [0x00000000d6e80000,0x00000000d6ed8f38,0x00000000d7200000)
  to   space 1536K, 0% used [0x00000000d7400000,0x00000000d7400000,0x00000000d7580000)
 ParOldGen       total 1316352K, used 1315905K [0x0000000080000000, 0x00000000d0580000, 0x00000000d5580000)
  object space 1316352K, 99% used [0x0000000080000000,0x00000000d0510790,0x00000000d0580000)
 Metaspace       used 115150K, committed 117440K, reserved 1179648K
  class space    used 15080K, committed 16192K, reserved 1048576K
}
Event: 56626.409 GC heap after
{Heap after GC invocations=6430 (full 4):
 PSYoungGen      total 21504K, used 1421K [0x00000000d5580000, 0x00000000d7580000, 0x0000000100000000)
  eden space 19968K, 0% used [0x00000000d5580000,0x00000000d5580000,0x00000000d6900000)
  from space 1536K, 92% used [0x00000000d7400000,0x00000000d7563510,0x00000000d7580000)
  to   space 2048K, 0% used [0x00000000d7180000,0x00000000d7180000,0x00000000d7380000)
 ParOldGen       total 1316352K, used 1315913K [0x0000000080000000, 0x00000000d0580000, 0x00000000d5580000)
  object space 1316352K, 99% used [0x0000000080000000,0x00000000d0512790,0x00000000d0580000)
 Metaspace       used 115150K, committed 117440K, reserved 1179648K
  class space    used 15080K, committed 16192K, reserved 1048576K
}
Event: 56628.668 GC heap before
{Heap before GC invocations=6431 (full 4):
 PSYoungGen      total 21504K, used 21131K [0x00000000d5580000, 0x00000000d7580000, 0x0000000100000000)
  eden space 19968K, 98% used [0x00000000d5580000,0x00000000d68bf928,0x00000000d6900000)
  from space 1536K, 92% used [0x00000000d7400000,0x00000000d7563510,0x00000000d7580000)
  to   space 2048K, 0% used [0x00000000d7180000,0x00000000d7180000,0x00000000d7380000)
 ParOldGen       total 1316352K, used 1315913K [0x0000000080000000, 0x00000000d0580000, 0x00000000d5580000)
  object space 1316352K, 99% used [0x0000000080000000,0x00000000d0512790,0x00000000d0580000)
 Metaspace       used 115358K, committed 117632K, reserved 1179648K
  class space    used 15093K, committed 16192K, reserved 1048576K
}
Event: 56628.674 GC heap after
{Heap after GC invocations=6431 (full 4):
 PSYoungGen      total 21504K, used 1389K [0x00000000d5580000, 0x00000000d7480000, 0x0000000100000000)
  eden space 19968K, 0% used [0x00000000d5580000,0x00000000d5580000,0x00000000d6900000)
  from space 1536K, 90% used [0x00000000d7180000,0x00000000d72db510,0x00000000d7300000)
  to   space 1536K, 0% used [0x00000000d7300000,0x00000000d7300000,0x00000000d7480000)
 ParOldGen       total 1316352K, used 1316305K [0x0000000080000000, 0x00000000d0580000, 0x00000000d5580000)
  object space 1316352K, 99% used [0x0000000080000000,0x00000000d0574638,0x00000000d0580000)
 Metaspace       used 115358K, committed 117632K, reserved 1179648K
  class space    used 15093K, committed 16192K, reserved 1048576K
}
Event: 56630.443 GC heap before
{Heap before GC invocations=6432 (full 4):
 PSYoungGen      total 21504K, used 21357K [0x00000000d5580000, 0x00000000d7480000, 0x0000000100000000)
  eden space 19968K, 100% used [0x00000000d5580000,0x00000000d6900000,0x00000000d6900000)
  from space 1536K, 90% used [0x00000000d7180000,0x00000000d72db510,0x00000000d7300000)
  to   space 1536K, 0% used [0x00000000d7300000,0x00000000d7300000,0x00000000d7480000)
 ParOldGen       total 1316352K, used 1316305K [0x0000000080000000, 0x00000000d0580000, 0x00000000d5580000)
  object space 1316352K, 99% used [0x0000000080000000,0x00000000d0574638,0x00000000d0580000)
 Metaspace       used 115422K, committed 117632K, reserved 1179648K
  class space    used 15093K, committed 16192K, reserved 1048576K
}
Event: 56630.448 GC heap after
{Heap after GC invocations=6432 (full 4):
 PSYoungGen      total 21504K, used 1469K [0x00000000d5580000, 0x00000000d7480000, 0x0000000100000000)
  eden space 19968K, 0% used [0x00000000d5580000,0x00000000d5580000,0x00000000d6900000)
  from space 1536K, 95% used [0x00000000d7300000,0x00000000d746f520,0x00000000d7480000)
  to   space 1536K, 0% used [0x00000000d7180000,0x00000000d7180000,0x00000000d7300000)
 ParOldGen       total 1316864K, used 1316641K [0x0000000080000000, 0x00000000d0600000, 0x00000000d5580000)
  object space 1316864K, 99% used [0x0000000080000000,0x00000000d05c8638,0x00000000d0600000)
 Metaspace       used 115422K, committed 117632K, reserved 1179648K
  class space    used 15093K, committed 16192K, reserved 1048576K
}
Event: 56631.673 GC heap before
{Heap before GC invocations=6433 (full 4):
 PSYoungGen      total 21504K, used 21437K [0x00000000d5580000, 0x00000000d7480000, 0x0000000100000000)
  eden space 19968K, 100% used [0x00000000d5580000,0x00000000d6900000,0x00000000d6900000)
  from space 1536K, 95% used [0x00000000d7300000,0x00000000d746f520,0x00000000d7480000)
  to   space 1536K, 0% used [0x00000000d7180000,0x00000000d7180000,0x00000000d7300000)
 ParOldGen       total 1316864K, used 1316641K [0x0000000080000000, 0x00000000d0600000, 0x00000000d5580000)
  object space 1316864K, 99% used [0x0000000080000000,0x00000000d05c8638,0x00000000d0600000)
 Metaspace       used 115469K, committed 117696K, reserved 1179648K
  class space    used 15093K, committed 16192K, reserved 1048576K
}
Event: 56631.677 GC heap after
{Heap after GC invocations=6433 (full 4):
 PSYoungGen      total 20992K, used 640K [0x00000000d5580000, 0x00000000d7380000, 0x0000000100000000)
  eden space 19968K, 0% used [0x00000000d5580000,0x00000000d5580000,0x00000000d6900000)
  from space 1024K, 62% used [0x00000000d7180000,0x00000000d7220000,0x00000000d7280000)
  to   space 1024K, 0% used [0x00000000d7280000,0x00000000d7280000,0x00000000d7380000)
 ParOldGen       total 1318400K, used 1317901K [0x0000000080000000, 0x00000000d0780000, 0x00000000d5580000)
  object space 1318400K, 99% used [0x0000000080000000,0x00000000d0703670,0x00000000d0780000)
 Metaspace       used 115469K, committed 117696K, reserved 1179648K
  class space    used 15093K, committed 16192K, reserved 1048576K
}
Event: 56632.240 GC heap before
{Heap before GC invocations=6434 (full 4):
 PSYoungGen      total 20992K, used 20608K [0x00000000d5580000, 0x00000000d7380000, 0x0000000100000000)
  eden space 19968K, 100% used [0x00000000d5580000,0x00000000d6900000,0x00000000d6900000)
  from space 1024K, 62% used [0x00000000d7180000,0x00000000d7220000,0x00000000d7280000)
  to   space 1024K, 0% used [0x00000000d7280000,0x00000000d7280000,0x00000000d7380000)
 ParOldGen       total 1318400K, used 1317901K [0x0000000080000000, 0x00000000d0780000, 0x00000000d5580000)
  object space 1318400K, 99% used [0x0000000080000000,0x00000000d0703670,0x00000000d0780000)
 Metaspace       used 115563K, committed 117760K, reserved 1179648K
  class space    used 15104K, committed 16192K, reserved 1048576K
}
Event: 56632.244 GC heap after
{Heap after GC invocations=6434 (full 4):
 PSYoungGen      total 20992K, used 528K [0x00000000d5580000, 0x00000000d7380000, 0x0000000100000000)
  eden space 19968K, 0% used [0x00000000d5580000,0x00000000d5580000,0x00000000d6900000)
  from space 1024K, 51% used [0x00000000d7280000,0x00000000d7304010,0x00000000d7380000)
  to   space 1024K, 0% used [0x00000000d7180000,0x00000000d7180000,0x00000000d7280000)
 ParOldGen       total 1319424K, used 1319200K [0x0000000080000000, 0x00000000d0880000, 0x00000000d5580000)
  object space 1319424K, 99% used [0x0000000080000000,0x00000000d0848190,0x00000000d0880000)
 Metaspace       used 115563K, committed 117760K, reserved 1179648K
  class space    used 15104K, committed 16192K, reserved 1048576K
}
Event: 56632.683 GC heap before
{Heap before GC invocations=6435 (full 4):
 PSYoungGen      total 20992K, used 12288K [0x00000000d5580000, 0x00000000d7380000, 0x0000000100000000)
  eden space 19968K, 58% used [0x00000000d5580000,0x00000000d60fc2a8,0x00000000d6900000)
  from space 1024K, 51% used [0x00000000d7280000,0x00000000d7304010,0x00000000d7380000)
  to   space 1024K, 0% used [0x00000000d7180000,0x00000000d7180000,0x00000000d7280000)
 ParOldGen       total 1319424K, used 1319200K [0x0000000080000000, 0x00000000d0880000, 0x00000000d5580000)
  object space 1319424K, 99% used [0x0000000080000000,0x00000000d0848190,0x00000000d0880000)
 Metaspace       used 115602K, committed 117888K, reserved 1179648K
  class space    used 15104K, committed 16192K, reserved 1048576K
}
Event: 56632.687 GC heap after
{Heap after GC invocations=6435 (full 4):
 PSYoungGen      total 20992K, used 320K [0x00000000d5580000, 0x00000000d7300000, 0x0000000100000000)
  eden space 19968K, 0% used [0x00000000d5580000,0x00000000d5580000,0x00000000d6900000)
  from space 1024K, 31% used [0x00000000d7180000,0x00000000d71d0000,0x00000000d7280000)
  to   space 512K, 0% used [0x00000000d7280000,0x00000000d7280000,0x00000000d7300000)
 ParOldGen       total 1319936K, used 1319623K [0x0000000080000000, 0x00000000d0900000, 0x00000000d5580000)
  object space 1319936K, 99% used [0x0000000080000000,0x00000000d08b1cb8,0x00000000d0900000)
 Metaspace       used 115602K, committed 117888K, reserved 1179648K
  class space    used 15104K, committed 16192K, reserved 1048576K
}
Event: 56632.687 GC heap before
{Heap before GC invocations=6436 (full 5):
 PSYoungGen      total 20992K, used 320K [0x00000000d5580000, 0x00000000d7300000, 0x0000000100000000)
  eden space 19968K, 0% used [0x00000000d5580000,0x00000000d5580000,0x00000000d6900000)
  from space 1024K, 31% used [0x00000000d7180000,0x00000000d71d0000,0x00000000d7280000)
  to   space 512K, 0% used [0x00000000d7280000,0x00000000d7280000,0x00000000d7300000)
 ParOldGen       total 1319936K, used 1319623K [0x0000000080000000, 0x00000000d0900000, 0x00000000d5580000)
  object space 1319936K, 99% used [0x0000000080000000,0x00000000d08b1cb8,0x00000000d0900000)
 Metaspace       used 115602K, committed 117888K, reserved 1179648K
  class space    used 15104K, committed 16192K, reserved 1048576K
}
Event: 56636.541 GC heap after
{Heap after GC invocations=6436 (full 5):
 PSYoungGen      total 20992K, used 0K [0x00000000d5580000, 0x00000000d7300000, 0x0000000100000000)
  eden space 19968K, 0% used [0x00000000d5580000,0x00000000d5580000,0x00000000d6900000)
  from space 1024K, 0% used [0x00000000d7180000,0x00000000d7180000,0x00000000d7280000)
  to   space 512K, 0% used [0x00000000d7280000,0x00000000d7280000,0x00000000d7300000)
 ParOldGen       total 1319936K, used 151103K [0x0000000080000000, 0x00000000d0900000, 0x00000000d5580000)
  object space 1319936K, 11% used [0x0000000080000000,0x000000008938fdf0,0x00000000d0900000)
 Metaspace       used 113505K, committed 117632K, reserved 1179648K
  class space    used 14696K, committed 16192K, reserved 1048576K
}
Event: 56638.429 GC heap before
{Heap before GC invocations=6437 (full 5):
 PSYoungGen      total 20992K, used 19968K [0x00000000d5580000, 0x00000000d7300000, 0x0000000100000000)
  eden space 19968K, 100% used [0x00000000d5580000,0x00000000d6900000,0x00000000d6900000)
  from space 1024K, 0% used [0x00000000d7180000,0x00000000d7180000,0x00000000d7280000)
  to   space 512K, 0% used [0x00000000d7280000,0x00000000d7280000,0x00000000d7300000)
 ParOldGen       total 1319936K, used 151103K [0x0000000080000000, 0x00000000d0900000, 0x00000000d5580000)
  object space 1319936K, 11% used [0x0000000080000000,0x000000008938fdf0,0x00000000d0900000)
 Metaspace       used 113714K, committed 117632K, reserved 1179648K
  class space    used 14721K, committed 16192K, reserved 1048576K
}
Event: 56638.441 GC heap after
{Heap after GC invocations=6437 (full 5):
 PSYoungGen      total 20480K, used 491K [0x00000000d5580000, 0x00000000d7300000, 0x0000000100000000)
  eden space 19968K, 0% used [0x00000000d5580000,0x00000000d5580000,0x00000000d6900000)
  from space 512K, 96% used [0x00000000d7280000,0x00000000d72fae18,0x00000000d7300000)
  to   space 1536K, 0% used [0x00000000d7000000,0x00000000d7000000,0x00000000d7180000)
 ParOldGen       total 1319936K, used 151604K [0x0000000080000000, 0x00000000d0900000, 0x00000000d5580000)
  object space 1319936K, 11% used [0x0000000080000000,0x000000008940d0f8,0x00000000d0900000)
 Metaspace       used 113714K, committed 117632K, reserved 1179648K
  class space    used 14721K, committed 16192K, reserved 1048576K
}
Event: 56640.048 GC heap before
{Heap before GC invocations=6438 (full 5):
 PSYoungGen      total 20480K, used 20459K [0x00000000d5580000, 0x00000000d7300000, 0x0000000100000000)
  eden space 19968K, 100% used [0x00000000d5580000,0x00000000d6900000,0x00000000d6900000)
  from space 512K, 96% used [0x00000000d7280000,0x00000000d72fae18,0x00000000d7300000)
  to   space 1536K, 0% used [0x00000000d7000000,0x00000000d7000000,0x00000000d7180000)
 ParOldGen       total 1319936K, used 151604K [0x0000000080000000, 0x00000000d0900000, 0x00000000d5580000)
  object space 1319936K, 11% used [0x0000000080000000,0x000000008940d0f8,0x00000000d0900000)
 Metaspace       used 114765K, committed 117696K, reserved 1179648K
  class space    used 14807K, committed 16192K, reserved 1048576K
}
Event: 56640.053 GC heap after
{Heap after GC invocations=6438 (full 5):
 PSYoungGen      total 21504K, used 832K [0x00000000d5580000, 0x00000000d7300000, 0x0000000100000000)
  eden space 19968K, 0% used [0x00000000d5580000,0x00000000d5580000,0x00000000d6900000)
  from space 1536K, 54% used [0x00000000d7000000,0x00000000d70d0000,0x00000000d7180000)
  to   space 1024K, 0% used [0x00000000d7200000,0x00000000d7200000,0x00000000d7300000)
 ParOldGen       total 1319936K, used 151957K [0x0000000080000000, 0x00000000d0900000, 0x00000000d5580000)
  object space 1319936K, 11% used [0x0000000080000000,0x0000000089465618,0x00000000d0900000)
 Metaspace       used 114765K, committed 117696K, reserved 1179648K
  class space    used 14807K, committed 16192K, reserved 1048576K
}

